This is pdfTeX, Version 3.1415926-2.4-1.40.13 (MiKTeX 2.9) (preloaded format=pdflatex 2013.12.12)  8 JUN 2015 13:42
entering extended mode
**prodanov
("D:\8. Study\Publications\Prodanov\prodanov.tex"
LaTeX2e <2011/06/27>
Babel <v3.8m> and hyphenation patterns for english, afrikaans, ancientgreek, ar
abic, armenian, assamese, basque, bengali, bokmal, bulgarian, catalan, coptic, 
croatian, czech, danish, dutch, esperanto, estonian, farsi, finnish, french, ga
lician, german, german-x-2012-05-30, greek, gujarati, hindi, hungarian, iceland
ic, indonesian, interlingua, irish, italian, kannada, kurmanji, latin, latvian,
 lithuanian, malayalam, marathi, mongolian, mongolianlmc, monogreek, ngerman, n
german-x-2012-05-30, nynorsk, oriya, panjabi, pinyin, polish, portuguese, roman
ian, russian, sanskrit, serbian, slovak, slovenian, spanish, swedish, swissgerm
an, tamil, telugu, turkish, turkmen, ukenglish, ukrainian, uppersorbian, usengl
ishmax, welsh, loaded.
("C:\Program Files (x86)\MiKTeX 2.9\tex\latex\base\article.cls"
Document Class: article 2007/10/19 v1.4h Standard LaTeX document class
("C:\Program Files (x86)\MiKTeX 2.9\tex\latex\base\size10.clo"
File: size10.clo 2007/10/19 v1.4h Standard LaTeX file (size option)
)
\c@part=\count79
\c@section=\count80
\c@subsection=\count81
\c@subsubsection=\count82
\c@paragraph=\count83
\c@subparagraph=\count84
\c@figure=\count85
\c@table=\count86
\abovecaptionskip=\skip41
\belowcaptionskip=\skip42
\bibindent=\dimen102
)
("C:\Program Files (x86)\MiKTeX 2.9\tex\latex\amsfonts\amsfonts.sty"
Package: amsfonts 2013/01/14 v3.01 Basic AMSFonts support
\@emptytoks=\toks14
\symAMSa=\mathgroup4
\symAMSb=\mathgroup5
LaTeX Font Info:    Overwriting math alphabet `\mathfrak' in version `bold'
(Font)                  U/euf/m/n --> U/euf/b/n on input line 106.
)
("C:\Program Files (x86)\MiKTeX 2.9\tex\latex\amsfonts\amssymb.sty"
Package: amssymb 2013/01/14 v3.01 AMS font symbols
)
("C:\Program Files (x86)\MiKTeX 2.9\tex\latex\amsmath\amsmath.sty"
Package: amsmath 2013/01/14 v2.14 AMS math features
\@mathmargin=\skip43

For additional information on amsmath, use the `?' option.
("C:\Program Files (x86)\MiKTeX 2.9\tex\latex\amsmath\amstext.sty"
Package: amstext 2000/06/29 v2.01

("C:\Program Files (x86)\MiKTeX 2.9\tex\latex\amsmath\amsgen.sty"
File: amsgen.sty 1999/11/30 v2.0
\@emptytoks=\toks15
\ex@=\dimen103
))
("C:\Program Files (x86)\MiKTeX 2.9\tex\latex\amsmath\amsbsy.sty"
Package: amsbsy 1999/11/29 v1.2d
\pmbraise@=\dimen104
)
("C:\Program Files (x86)\MiKTeX 2.9\tex\latex\amsmath\amsopn.sty"
Package: amsopn 1999/12/14 v2.01 operator names
)
\inf@bad=\count87
LaTeX Info: Redefining \frac on input line 210.
\uproot@=\count88
\leftroot@=\count89
LaTeX Info: Redefining \overline on input line 306.
\classnum@=\count90
\DOTSCASE@=\count91
LaTeX Info: Redefining \ldots on input line 378.
LaTeX Info: Redefining \dots on input line 381.
LaTeX Info: Redefining \cdots on input line 466.
\Mathstrutbox@=\box26
\strutbox@=\box27
\big@size=\dimen105
LaTeX Font Info:    Redeclaring font encoding OML on input line 566.
LaTeX Font Info:    Redeclaring font encoding OMS on input line 567.
\macc@depth=\count92
\c@MaxMatrixCols=\count93
\dotsspace@=\muskip10
\c@parentequation=\count94
\dspbrk@lvl=\count95
\tag@help=\toks16
\row@=\count96
\column@=\count97
\maxfields@=\count98
\andhelp@=\toks17
\eqnshift@=\dimen106
\alignsep@=\dimen107
\tagshift@=\dimen108
\tagwidth@=\dimen109
\totwidth@=\dimen110
\lineht@=\dimen111
\@envbody=\toks18
\multlinegap=\skip44
\multlinetaggap=\skip45
\mathdisplay@stack=\toks19
LaTeX Info: Redefining \[ on input line 2665.
LaTeX Info: Redefining \] on input line 2666.
)
("C:\Program Files (x86)\MiKTeX 2.9\tex\latex\base\latexsym.sty"
Package: latexsym 1998/08/17 v2.2e Standard LaTeX package (lasy symbols)
\symlasy=\mathgroup6
LaTeX Font Info:    Overwriting symbol font `lasy' in version `bold'
(Font)                  U/lasy/m/n --> U/lasy/b/n on input line 47.
)
("C:\Program Files (x86)\MiKTeX 2.9\tex\latex\amscls\amsthm.sty"
Package: amsthm 2004/08/06 v2.20
\thm@style=\toks20
\thm@bodyfont=\toks21
\thm@headfont=\toks22
\thm@notefont=\toks23
\thm@headpunct=\toks24
\thm@preskip=\skip46
\thm@postskip=\skip47
\thm@headsep=\skip48
\dth@everypar=\toks25
)
("C:\Program Files (x86)\MiKTeX 2.9\tex\latex\base\fontenc.sty"
Package: fontenc 2005/09/27 v1.99g Standard LaTeX package

("C:\Program Files (x86)\MiKTeX 2.9\tex\latex\cyrillic\t2aenc.def"
File: t2aenc.def 2005/09/27 v1.0i Cyrillic encoding definition file
)
LaTeX Font Info:    Try loading font information for T2A+cmr on input line 100.


("C:\Program Files (x86)\MiKTeX 2.9\tex\latex\cyrillic\t2acmr.fd"
File: t2acmr.fd 2001/08/11 v1.0a Computer Modern Cyrillic font definitions
))
("C:\Program Files (x86)\MiKTeX 2.9\tex\generic\babel\babel.sty"
Package: babel 2008/07/08 v3.8m The Babel package

*************************************
* Local config file bblopts.cfg used
*
("C:\Program Files (x86)\MiKTeX 2.9\tex\latex\00miktex\bblopts.cfg"
File: bblopts.cfg 2006/07/31 v1.0 MiKTeX 'babel' configuration
)
("C:\Program Files (x86)\MiKTeX 2.9\tex\generic\babel\english.ldf"
Language: english 2005/03/30 v3.3o English support from the babel system

("C:\Program Files (x86)\MiKTeX 2.9\tex\generic\babel\babel.def"
File: babel.def 2008/07/08 v3.8m Babel common definitions
\babel@savecnt=\count99
\U@D=\dimen112
)
\l@canadian = a dialect from \language\l@american 
\l@australian = a dialect from \language\l@british 
\l@newzealand = a dialect from \language\l@british 
)
("C:\Program Files (x86)\MiKTeX 2.9\tex\generic\babel\russianb.ldf"
Language: russianb 2008/03/21 v1.1r Russian support from the babel system


Package babel Warning: No input encoding specified for Russian language on inpu
t line 136.

Package babel Info: Making " an active character on input line 199.
)) ("C:\Program Files (x86)\MiKTeX 2.9\tex\latex\graphics\graphics.sty"
Package: graphics 2009/02/05 v1.0o Standard LaTeX Graphics (DPC,SPQR)

("C:\Program Files (x86)\MiKTeX 2.9\tex\latex\graphics\trig.sty"
Package: trig 1999/03/16 v1.09 sin cos tan (DPC)
)
("C:\Program Files (x86)\MiKTeX 2.9\tex\latex\00miktex\graphics.cfg"
File: graphics.cfg 2007/01/18 v1.5 graphics configuration of teTeX/TeXLive
)
Package graphics Info: Driver file: dvips.def on input line 91.

("C:\Program Files (x86)\MiKTeX 2.9\tex\latex\graphics\dvips.def"
File: dvips.def 1999/02/16 v3.0i Driver-dependant file (DPC,SPQR)
))
("C:\Program Files (x86)\MiKTeX 2.9\tex\latex\graphics\graphicx.sty"
Package: graphicx 1999/02/16 v1.0f Enhanced LaTeX Graphics (DPC,SPQR)

("C:\Program Files (x86)\MiKTeX 2.9\tex\latex\graphics\keyval.sty"
Package: keyval 1999/03/16 v1.13 key=value parser (DPC)
\KV@toks@=\toks26
)
\Gin@req@height=\dimen113
\Gin@req@width=\dimen114
)
("C:\Program Files (x86)\MiKTeX 2.9\tex\latex\graphics\color.sty"
Package: color 2005/11/14 v1.0j Standard LaTeX Color (DPC)

("C:\Program Files (x86)\MiKTeX 2.9\tex\latex\00miktex\color.cfg"
File: color.cfg 2007/01/18 v1.5 color configuration of teTeX/TeXLive
)
Package color Info: Driver file: dvips.def on input line 130.

("C:\Program Files (x86)\MiKTeX 2.9\tex\latex\graphics\dvipsnam.def"
File: dvipsnam.def 1999/02/16 v3.0i Driver-dependant file (DPC,SPQR)
))
(C:\Users\Timo\AppData\Roaming\MiKTeX\2.9\tex\latex\curves\curves.sty
Package: curves 2009/08/31 1.53 Curves for LaTeX picture environment
\;sc=\count100
\;scp=\count101
\;t=\count102
\;cc=\count103
\;cnd=\count104
\;mcnd=\count105
\;np=\count106
\;overhang=\count107
\;pbs=\count108
\;pns=\count109
\;psc=\count110
\;rc=\count111
\;rtc=\count112
\;tc=\count113
\csdiameter=\skip49
\curvelength=\skip50
\overhang=\skip51
\;x=\skip52
\;dx=\skip53
\;ddx=\skip54
\;y=\skip55
\;dy=\skip56
\;ddy=\skip57
\;pl=\skip58
\;ucd=\skip59
\;csbox=\box28
\;pt=\box29
\;strline=\toks27
\m;ssingcoord=\toks28
\;negdash=\toks29
\;oddcoord=\toks30
\;wc=\count114
\;X=\skip60
\;Y=\skip61
)
("C:\Program Files (x86)\MiKTeX 2.9\tex\latex\tools\indentfirst.sty"
Package: indentfirst 1995/11/23 v1.03 Indent first paragraph (DPC)
)
("D:\8. Study\Publications\Prodanov\math.sty")
("D:\8. Study\Publications\Prodanov\notations.sty")
("C:\Program Files (x86)\MiKTeX 2.9\tex\latex\ltxmisc\url.sty"
\Urlmuskip=\muskip11
Package: url 2006/04/12  ver 3.3  Verb mode for urls, etc.
)
("D:\8. Study\Publications\Prodanov\cite.sty"
LaTeX Info: Redefining \cite on input line 149.
LaTeX Info: Redefining \nocite on input line 214.
Package: cite 2003/11/04  v 4.01
)
("C:\Program Files (x86)\MiKTeX 2.9\tex\latex\jknappen\mathrsfs.sty"
Package: mathrsfs 1996/01/01 Math RSFS package v1.0 (jk)
\symrsfs=\mathgroup7
)
(C:\Users\Timo\AppData\Roaming\MiKTeX\2.9\tex\latex\pgfplots\pgfplots.sty
(C:\Users\Timo\AppData\Roaming\MiKTeX\2.9\tex\generic\pgfplots\pgfplots.revisio
n.tex)
Package: pgfplots 2015/01/31 v1.12 Data Visualization (1.12)

(C:\Users\Timo\AppData\Roaming\MiKTeX\2.9\tex\latex\pgf\frontendlayer\tikz.sty
(C:\Users\Timo\AppData\Roaming\MiKTeX\2.9\tex\latex\pgf\basiclayer\pgf.sty
(C:\Users\Timo\AppData\Roaming\MiKTeX\2.9\tex\latex\pgf\utilities\pgfrcs.sty
(C:\Users\Timo\AppData\Roaming\MiKTeX\2.9\tex\generic\pgf\utilities\pgfutil-com
mon.tex
\pgfutil@everybye=\toks31
)
(C:\Users\Timo\AppData\Roaming\MiKTeX\2.9\tex\generic\pgf\utilities\pgfutil-lat
ex.def
\pgfutil@abb=\box30
 (C:\Users\Timo\AppData\Roaming\MiKTeX\2.9\tex\latex\ms\everyshi.sty
Package: everyshi 2001/05/15 v3.00 EveryShipout Package (MS)
))
(C:\Users\Timo\AppData\Roaming\MiKTeX\2.9\tex\generic\pgf\utilities\pgfrcs.code
.tex
Package: pgfrcs 2010/10/25 v2.10 (rcs-revision 1.24)
))
Package: pgf 2008/01/15 v2.10 (rcs-revision 1.12)

(C:\Users\Timo\AppData\Roaming\MiKTeX\2.9\tex\latex\pgf\basiclayer\pgfcore.sty
(C:\Users\Timo\AppData\Roaming\MiKTeX\2.9\tex\latex\pgf\systemlayer\pgfsys.sty
(C:\Users\Timo\AppData\Roaming\MiKTeX\2.9\tex\generic\pgf\systemlayer\pgfsys.co
de.tex
Package: pgfsys 2010/06/30 v2.10 (rcs-revision 1.37)

(C:\Users\Timo\AppData\Roaming\MiKTeX\2.9\tex\generic\pgf\utilities\pgfkeys.cod
e.tex
\pgfkeys@pathtoks=\toks32
\pgfkeys@temptoks=\toks33

(C:\Users\Timo\AppData\Roaming\MiKTeX\2.9\tex\generic\pgf\utilities\pgfkeysfilt
ered.code.tex
\pgfkeys@tmptoks=\toks34
))
\pgf@x=\dimen115
\pgf@y=\dimen116
\pgf@xa=\dimen117
\pgf@ya=\dimen118
\pgf@xb=\dimen119
\pgf@yb=\dimen120
\pgf@xc=\dimen121
\pgf@yc=\dimen122
\w@pgf@writea=\write3
\r@pgf@reada=\read1
\c@pgf@counta=\count115
\c@pgf@countb=\count116
\c@pgf@countc=\count117
\c@pgf@countd=\count118

(C:\Users\Timo\AppData\Roaming\MiKTeX\2.9\tex\generic\pgf\systemlayer\pgf.cfg
File: pgf.cfg 2008/05/14  (rcs-revision 1.7)
)
Package pgfsys Info: Driver file for pgf: pgfsys-dvips.def on input line 900.

(C:\Users\Timo\AppData\Roaming\MiKTeX\2.9\tex\generic\pgf\systemlayer\pgfsys-dv
ips.def
File: pgfsys-dvips.def 2008/04/03  (rcs-revision 1.20)

(C:\Users\Timo\AppData\Roaming\MiKTeX\2.9\tex\generic\pgf\systemlayer\pgfsys-co
mmon-postscript.def
File: pgfsys-common-postscript.def 2008/10/01  (rcs-revision 1.22)
\pgf@objectcount=\count119
)))
(C:\Users\Timo\AppData\Roaming\MiKTeX\2.9\tex\generic\pgf\systemlayer\pgfsyssof
tpath.code.tex
File: pgfsyssoftpath.code.tex 2008/07/18  (rcs-revision 1.7)
\pgfsyssoftpath@smallbuffer@items=\count120
\pgfsyssoftpath@bigbuffer@items=\count121
)
(C:\Users\Timo\AppData\Roaming\MiKTeX\2.9\tex\generic\pgf\systemlayer\pgfsyspro
tocol.code.tex
File: pgfsysprotocol.code.tex 2006/10/16  (rcs-revision 1.4)
))
(C:\Users\Timo\AppData\Roaming\MiKTeX\2.9\tex\latex\xcolor\xcolor.sty
Package: xcolor 2007/01/21 v2.11 LaTeX color extensions (UK)

("C:\Program Files (x86)\MiKTeX 2.9\tex\latex\00miktex\color.cfg"
File: color.cfg 2007/01/18 v1.5 color configuration of teTeX/TeXLive
)
Package xcolor Info: Driver file: pdftex.def on input line 225.

("C:\Program Files (x86)\MiKTeX 2.9\tex\latex\pdftex-def\pdftex.def"
File: pdftex.def 2011/05/27 v0.06d Graphics/color for pdfTeX

("C:\Program Files (x86)\MiKTeX 2.9\tex\generic\oberdiek\infwarerr.sty"
Package: infwarerr 2010/04/08 v1.3 Providing info/warning/error messages (HO)
)
("C:\Program Files (x86)\MiKTeX 2.9\tex\generic\oberdiek\ltxcmds.sty"
Package: ltxcmds 2011/11/09 v1.22 LaTeX kernel commands for general use (HO)
)
\Gread@gobject=\count122
)
LaTeX Info: Redefining \color on input line 702.
Package xcolor Info: Model `cmy' substituted by `cmy0' on input line 1337.
Package xcolor Info: Model `RGB' extended on input line 1353.
Package xcolor Info: Model `HTML' substituted by `rgb' on input line 1355.
Package xcolor Info: Model `Hsb' substituted by `hsb' on input line 1356.
Package xcolor Info: Model `tHsb' substituted by `hsb' on input line 1357.
Package xcolor Info: Model `HSB' substituted by `hsb' on input line 1358.
Package xcolor Info: Model `Gray' substituted by `gray' on input line 1359.
Package xcolor Info: Model `wave' substituted by `hsb' on input line 1360.
)
(C:\Users\Timo\AppData\Roaming\MiKTeX\2.9\tex\generic\pgf\basiclayer\pgfcore.co
de.tex
Package: pgfcore 2010/04/11 v2.10 (rcs-revision 1.7)

(C:\Users\Timo\AppData\Roaming\MiKTeX\2.9\tex\generic\pgf\math\pgfmath.code.tex

(C:\Users\Timo\AppData\Roaming\MiKTeX\2.9\tex\generic\pgf\math\pgfmathcalc.code
.tex
(C:\Users\Timo\AppData\Roaming\MiKTeX\2.9\tex\generic\pgf\math\pgfmathutil.code
.tex)
(C:\Users\Timo\AppData\Roaming\MiKTeX\2.9\tex\generic\pgf\math\pgfmathparser.co
de.tex
\pgfmath@dimen=\dimen123
\pgfmath@count=\count123
\pgfmath@box=\box31
\pgfmath@toks=\toks35
\pgfmath@stack@operand=\toks36
\pgfmath@stack@operation=\toks37
)
(C:\Users\Timo\AppData\Roaming\MiKTeX\2.9\tex\generic\pgf\math\pgfmathfunctions
.code.tex
(C:\Users\Timo\AppData\Roaming\MiKTeX\2.9\tex\generic\pgf\math\pgfmathfunctions
.basic.code.tex)
(C:\Users\Timo\AppData\Roaming\MiKTeX\2.9\tex\generic\pgf\math\pgfmathfunctions
.trigonometric.code.tex)
(C:\Users\Timo\AppData\Roaming\MiKTeX\2.9\tex\generic\pgf\math\pgfmathfunctions
.random.code.tex)
(C:\Users\Timo\AppData\Roaming\MiKTeX\2.9\tex\generic\pgf\math\pgfmathfunctions
.comparison.code.tex)
(C:\Users\Timo\AppData\Roaming\MiKTeX\2.9\tex\generic\pgf\math\pgfmathfunctions
.base.code.tex)
(C:\Users\Timo\AppData\Roaming\MiKTeX\2.9\tex\generic\pgf\math\pgfmathfunctions
.round.code.tex)
(C:\Users\Timo\AppData\Roaming\MiKTeX\2.9\tex\generic\pgf\math\pgfmathfunctions
.misc.code.tex)))
(C:\Users\Timo\AppData\Roaming\MiKTeX\2.9\tex\generic\pgf\math\pgfmathfloat.cod
e.tex
\c@pgfmathroundto@lastzeros=\count124
))
(C:\Users\Timo\AppData\Roaming\MiKTeX\2.9\tex\generic\pgf\basiclayer\pgfcorepoi
nts.code.tex
File: pgfcorepoints.code.tex 2010/04/09  (rcs-revision 1.20)
\pgf@picminx=\dimen124
\pgf@picmaxx=\dimen125
\pgf@picminy=\dimen126
\pgf@picmaxy=\dimen127
\pgf@pathminx=\dimen128
\pgf@pathmaxx=\dimen129
\pgf@pathminy=\dimen130
\pgf@pathmaxy=\dimen131
\pgf@xx=\dimen132
\pgf@xy=\dimen133
\pgf@yx=\dimen134
\pgf@yy=\dimen135
\pgf@zx=\dimen136
\pgf@zy=\dimen137
)
(C:\Users\Timo\AppData\Roaming\MiKTeX\2.9\tex\generic\pgf\basiclayer\pgfcorepat
hconstruct.code.tex
File: pgfcorepathconstruct.code.tex 2010/08/03  (rcs-revision 1.24)
\pgf@path@lastx=\dimen138
\pgf@path@lasty=\dimen139
)
(C:\Users\Timo\AppData\Roaming\MiKTeX\2.9\tex\generic\pgf\basiclayer\pgfcorepat
husage.code.tex
File: pgfcorepathusage.code.tex 2008/04/22  (rcs-revision 1.12)
\pgf@shorten@end@additional=\dimen140
\pgf@shorten@start@additional=\dimen141
)
(C:\Users\Timo\AppData\Roaming\MiKTeX\2.9\tex\generic\pgf\basiclayer\pgfcoresco
pes.code.tex
File: pgfcorescopes.code.tex 2010/09/08  (rcs-revision 1.34)
\pgfpic=\box32
\pgf@hbox=\box33
\pgf@layerbox@main=\box34
\pgf@picture@serial@count=\count125
)
(C:\Users\Timo\AppData\Roaming\MiKTeX\2.9\tex\generic\pgf\basiclayer\pgfcoregra
phicstate.code.tex
File: pgfcoregraphicstate.code.tex 2008/04/22  (rcs-revision 1.9)
\pgflinewidth=\dimen142
)
(C:\Users\Timo\AppData\Roaming\MiKTeX\2.9\tex\generic\pgf\basiclayer\pgfcoretra
nsformations.code.tex
File: pgfcoretransformations.code.tex 2009/06/10  (rcs-revision 1.11)
\pgf@pt@x=\dimen143
\pgf@pt@y=\dimen144
\pgf@pt@temp=\dimen145
)
(C:\Users\Timo\AppData\Roaming\MiKTeX\2.9\tex\generic\pgf\basiclayer\pgfcorequi
ck.code.tex
File: pgfcorequick.code.tex 2008/10/09  (rcs-revision 1.3)
)
(C:\Users\Timo\AppData\Roaming\MiKTeX\2.9\tex\generic\pgf\basiclayer\pgfcoreobj
ects.code.tex
File: pgfcoreobjects.code.tex 2006/10/11  (rcs-revision 1.2)
)
(C:\Users\Timo\AppData\Roaming\MiKTeX\2.9\tex\generic\pgf\basiclayer\pgfcorepat
hprocessing.code.tex
File: pgfcorepathprocessing.code.tex 2008/10/09  (rcs-revision 1.8)
)
(C:\Users\Timo\AppData\Roaming\MiKTeX\2.9\tex\generic\pgf\basiclayer\pgfcorearr
ows.code.tex
File: pgfcorearrows.code.tex 2008/04/23  (rcs-revision 1.11)
)
(C:\Users\Timo\AppData\Roaming\MiKTeX\2.9\tex\generic\pgf\basiclayer\pgfcoresha
de.code.tex
File: pgfcoreshade.code.tex 2008/11/23  (rcs-revision 1.13)
\pgf@max=\dimen146
\pgf@sys@shading@range@num=\count126
)
(C:\Users\Timo\AppData\Roaming\MiKTeX\2.9\tex\generic\pgf\basiclayer\pgfcoreima
ge.code.tex
File: pgfcoreimage.code.tex 2010/03/25  (rcs-revision 1.16)

(C:\Users\Timo\AppData\Roaming\MiKTeX\2.9\tex\generic\pgf\basiclayer\pgfcoreext
ernal.code.tex
File: pgfcoreexternal.code.tex 2010/09/01  (rcs-revision 1.17)
\pgfexternal@startupbox=\box35
))
(C:\Users\Timo\AppData\Roaming\MiKTeX\2.9\tex\generic\pgf\basiclayer\pgfcorelay
ers.code.tex
File: pgfcorelayers.code.tex 2010/08/27  (rcs-revision 1.2)
)
(C:\Users\Timo\AppData\Roaming\MiKTeX\2.9\tex\generic\pgf\basiclayer\pgfcoretra
nsparency.code.tex
File: pgfcoretransparency.code.tex 2008/01/17  (rcs-revision 1.2)
)
(C:\Users\Timo\AppData\Roaming\MiKTeX\2.9\tex\generic\pgf\basiclayer\pgfcorepat
terns.code.tex
File: pgfcorepatterns.code.tex 2009/07/02  (rcs-revision 1.3)
)))
(C:\Users\Timo\AppData\Roaming\MiKTeX\2.9\tex\generic\pgf\modules\pgfmoduleshap
es.code.tex
File: pgfmoduleshapes.code.tex 2010/09/09  (rcs-revision 1.13)
\pgfnodeparttextbox=\box36
)
(C:\Users\Timo\AppData\Roaming\MiKTeX\2.9\tex\generic\pgf\modules\pgfmoduleplot
.code.tex
File: pgfmoduleplot.code.tex 2010/10/22  (rcs-revision 1.8)
)
(C:\Users\Timo\AppData\Roaming\MiKTeX\2.9\tex\latex\pgf\compatibility\pgfcomp-v
ersion-0-65.sty
Package: pgfcomp-version-0-65 2007/07/03 v2.10 (rcs-revision 1.7)
\pgf@nodesepstart=\dimen147
\pgf@nodesepend=\dimen148
)
(C:\Users\Timo\AppData\Roaming\MiKTeX\2.9\tex\latex\pgf\compatibility\pgfcomp-v
ersion-1-18.sty
Package: pgfcomp-version-1-18 2007/07/23 v2.10 (rcs-revision 1.1)
))
(C:\Users\Timo\AppData\Roaming\MiKTeX\2.9\tex\latex\pgf\utilities\pgffor.sty
(C:\Users\Timo\AppData\Roaming\MiKTeX\2.9\tex\latex\pgf\utilities\pgfkeys.sty
(C:\Users\Timo\AppData\Roaming\MiKTeX\2.9\tex\generic\pgf\utilities\pgfkeys.cod
e.tex))
(C:\Users\Timo\AppData\Roaming\MiKTeX\2.9\tex\generic\pgf\utilities\pgffor.code
.tex
Package: pgffor 2010/03/23 v2.10 (rcs-revision 1.18)
\pgffor@iter=\dimen149
\pgffor@skip=\dimen150
\pgffor@stack=\toks38
\pgffor@toks=\toks39
))
(C:\Users\Timo\AppData\Roaming\MiKTeX\2.9\tex\generic\pgf\frontendlayer\tikz\ti
kz.code.tex
Package: tikz 2010/10/13 v2.10 (rcs-revision 1.76)

(C:\Users\Timo\AppData\Roaming\MiKTeX\2.9\tex\generic\pgf\libraries\pgflibraryp
lothandlers.code.tex
File: pgflibraryplothandlers.code.tex 2010/05/31 v2.10 (rcs-revision 1.15)
\pgf@plot@mark@count=\count127
\pgfplotmarksize=\dimen151
)
\tikz@lastx=\dimen152
\tikz@lasty=\dimen153
\tikz@lastxsaved=\dimen154
\tikz@lastysaved=\dimen155
\tikzleveldistance=\dimen156
\tikzsiblingdistance=\dimen157
\tikz@figbox=\box37
\tikz@tempbox=\box38
\tikztreelevel=\count128
\tikznumberofchildren=\count129
\tikznumberofcurrentchild=\count130
\tikz@fig@count=\count131

(C:\Users\Timo\AppData\Roaming\MiKTeX\2.9\tex\generic\pgf\modules\pgfmodulematr
ix.code.tex
File: pgfmodulematrix.code.tex 2010/08/24  (rcs-revision 1.4)
\pgfmatrixcurrentrow=\count132
\pgfmatrixcurrentcolumn=\count133
\pgf@matrix@numberofcolumns=\count134
)
\tikz@expandcount=\count135

(C:\Users\Timo\AppData\Roaming\MiKTeX\2.9\tex\generic\pgf\frontendlayer\tikz\li
braries\tikzlibrarytopaths.code.tex
File: tikzlibrarytopaths.code.tex 2008/06/17 v2.10 (rcs-revision 1.2)
)))
(C:\Users\Timo\AppData\Roaming\MiKTeX\2.9\tex\generic\pgfplots\pgfplots.code.te
x
(C:\Users\Timo\AppData\Roaming\MiKTeX\2.9\tex\generic\pgfplots\pgfplotscore.cod
e.tex
\t@pgfplots@toka=\toks40
\t@pgfplots@tokb=\toks41
\t@pgfplots@tokc=\toks42
\pgfplots@tmpa=\dimen158
\c@pgfplots@coordindex=\count136
\c@pgfplots@scanlineindex=\count137

(C:\Users\Timo\AppData\Roaming\MiKTeX\2.9\tex\generic\pgfplots\sys\pgfplotssysg
eneric.code.tex))
(C:\Users\Timo\AppData\Roaming\MiKTeX\2.9\tex\generic\pgfplots\libs\pgfplotslib
rary.code.tex)
(C:\Users\Timo\AppData\Roaming\MiKTeX\2.9\tex\generic\pgfplots\oldpgfcompatib\p
gfplotsoldpgfsupp_loader.code.tex
Package pgfplots: loading complementary code for your PGF version...

(C:\Users\Timo\AppData\Roaming\MiKTeX\2.9\tex\generic\pgfplots\oldpgfcompatib\p
gfplotsoldpgfsupp_misc.code.tex)
(C:\Users\Timo\AppData\Roaming\MiKTeX\2.9\tex\generic\pgfplots\oldpgfcompatib\p
gfplotsoldpgfsupp_pgfkeys.code.tex
\pgfkeys@pathtoks=\toks43
\pgfkeys@temptoks=\toks44

(C:\Users\Timo\AppData\Roaming\MiKTeX\2.9\tex\generic\pgfplots\oldpgfcompatib\p
gfplotsoldpgfsupp_pgfkeysfiltered.code.tex
\pgfkeys@tmptoks=\toks45
))
(C:\Users\Timo\AppData\Roaming\MiKTeX\2.9\tex\generic\pgfplots\oldpgfcompatib\p
gfplotsoldpgfsupp_pgfmathfloat.code.tex
\c@pgfmathroundto@lastzeros=\count138
)
(C:\Users\Timo\AppData\Roaming\MiKTeX\2.9\tex\generic\pgfplots\oldpgfcompatib\p
gfplotsoldpgfsupp_pgflibraryplothandlers.code.tex
File: pgflibraryplothandlers.code.tex 2012/09/11 v2.10 (rcs-revision 1.17)
\pgf@plot@mark@count=\count139
\pgfplotmarksize=\dimen159
)
(C:\Users\Timo\AppData\Roaming\MiKTeX\2.9\tex\generic\pgfplots\oldpgfcompatib\p
gfplotsoldpgfsupp_pgflibraryfpu.code.tex)
(C:\Users\Timo\AppData\Roaming\MiKTeX\2.9\tex\generic\pgfplots\oldpgfcompatib\p
gfplotsoldpgfsupp_pgfcorescopes.code.tex
File: pgfcorescopes.code.tex 2012/11/30  (rcs-revision 1.38)
\pgfpic=\box39
\pgf@hbox=\box40
\pgf@layerbox@main=\box41
\pgf@picture@serial@count=\count140
)
(C:\Users\Timo\AppData\Roaming\MiKTeX\2.9\tex\generic\pgfplots\oldpgfcompatib\p
gfplotsoldpgfsupp_pgfcorelayers.code.tex
File: pgfcorelayers.code.tex 2012/11/07  (rcs-revision 1.5)
)
Package pgfplots: loading complementary utilities for your pgf version...
\t@pgf@toka=\toks46
\t@pgf@tokb=\toks47
\t@pgf@tokc=\toks48

(C:\Users\Timo\AppData\Roaming\MiKTeX\2.9\tex\generic\pgfplots\oldpgfcompatib\p
gfplotsoldpgfsupp_pgfutil-common-lists.tex)
(C:\Users\Timo\AppData\Roaming\MiKTeX\2.9\tex\generic\pgfplots\oldpgfcompatib\p
gfplotsoldpgfsupp_trig_format.code.tex))
(C:\Users\Timo\AppData\Roaming\MiKTeX\2.9\tex\generic\pgfplots\util\pgfplotsuti
l.code.tex
(C:\Users\Timo\AppData\Roaming\MiKTeX\2.9\tex\generic\pgfplots\liststructure\pg
fplotsliststructure.code.tex)
(C:\Users\Timo\AppData\Roaming\MiKTeX\2.9\tex\generic\pgfplots\liststructure\pg
fplotsliststructureext.code.tex)
(C:\Users\Timo\AppData\Roaming\MiKTeX\2.9\tex\generic\pgfplots\liststructure\pg
fplotsarray.code.tex
\c@pgfplotsarray@tmp=\count141
)
(C:\Users\Timo\AppData\Roaming\MiKTeX\2.9\tex\generic\pgfplots\liststructure\pg
fplotsmatrix.code.tex)
(C:\Users\Timo\AppData\Roaming\MiKTeX\2.9\tex\generic\pgfplots\numtable\pgfplot
stableshared.code.tex
\c@pgfplotstable@counta=\count142
\t@pgfplotstable@a=\toks49
)
(C:\Users\Timo\AppData\Roaming\MiKTeX\2.9\tex\generic\pgfplots\liststructure\pg
fplotsdeque.code.tex)
(C:\Users\Timo\AppData\Roaming\MiKTeX\2.9\tex\generic\pgfplots\util\pgfplotsbin
ary.code.tex
(C:\Users\Timo\AppData\Roaming\MiKTeX\2.9\tex\generic\pgfplots\util\pgfplotsbin
ary.data.code.tex))
(C:\Users\Timo\AppData\Roaming\MiKTeX\2.9\tex\generic\pgfplots\util\pgfplotsuti
l.verb.code.tex)
(C:\Users\Timo\AppData\Roaming\MiKTeX\2.9\tex\generic\pgfplots\libs\pgflibraryp
gfplots.surfshading.code.tex
\c@pgfplotslibrarysurf@no=\count143

(C:\Users\Timo\AppData\Roaming\MiKTeX\2.9\tex\generic\pgfplots\sys\pgflibrarypg
fplots.surfshading.pgfsys-dvips.def)))
(C:\Users\Timo\AppData\Roaming\MiKTeX\2.9\tex\generic\pgfplots\util\pgfplotscol
ormap.code.tex
(C:\Users\Timo\AppData\Roaming\MiKTeX\2.9\tex\generic\pgfplots\util\pgfplotscol
or.code.tex))
(C:\Users\Timo\AppData\Roaming\MiKTeX\2.9\tex\generic\pgfplots\pgfplotsstackedp
lots.code.tex)
(C:\Users\Timo\AppData\Roaming\MiKTeX\2.9\tex\generic\pgfplots\pgfplotsplothand
lers.code.tex
(C:\Users\Timo\AppData\Roaming\MiKTeX\2.9\tex\generic\pgfplots\pgfplotsmeshplot
handler.code.tex))
(C:\Users\Timo\AppData\Roaming\MiKTeX\2.9\tex\generic\pgfplots\pgfplots.scaling
.code.tex)
(C:\Users\Timo\AppData\Roaming\MiKTeX\2.9\tex\generic\pgfplots\pgfplotscoordpro
cessing.code.tex)
(C:\Users\Timo\AppData\Roaming\MiKTeX\2.9\tex\generic\pgfplots\pgfplots.errorba
rs.code.tex)
(C:\Users\Timo\AppData\Roaming\MiKTeX\2.9\tex\generic\pgfplots\pgfplots.markers
.code.tex)
(C:\Users\Timo\AppData\Roaming\MiKTeX\2.9\tex\generic\pgfplots\pgfplotsticks.co
de.tex)
(C:\Users\Timo\AppData\Roaming\MiKTeX\2.9\tex\generic\pgfplots\pgfplots.paths.c
ode.tex)
(C:\Users\Timo\AppData\Roaming\MiKTeX\2.9\tex\generic\pgf\frontendlayer\tikz\li
braries\tikzlibrarydecorations.code.tex
(C:\Users\Timo\AppData\Roaming\MiKTeX\2.9\tex\generic\pgf\modules\pgfmoduledeco
rations.code.tex
\pgfdecoratedcompleteddistance=\dimen160
\pgfdecoratedremainingdistance=\dimen161
\pgfdecoratedinputsegmentcompleteddistance=\dimen162
\pgfdecoratedinputsegmentremainingdistance=\dimen163
\pgf@decorate@distancetomove=\dimen164
\pgf@decorate@repeatstate=\count144
\pgfdecorationsegmentamplitude=\dimen165
\pgfdecorationsegmentlength=\dimen166
)
\tikz@lib@dec@box=\box42
)
(C:\Users\Timo\AppData\Roaming\MiKTeX\2.9\tex\generic\pgf\frontendlayer\tikz\li
braries\tikzlibrarydecorations.pathmorphing.code.tex
(C:\Users\Timo\AppData\Roaming\MiKTeX\2.9\tex\generic\pgf\libraries\decorations
\pgflibrarydecorations.pathmorphing.code.tex))
(C:\Users\Timo\AppData\Roaming\MiKTeX\2.9\tex\generic\pgf\frontendlayer\tikz\li
braries\tikzlibrarydecorations.pathreplacing.code.tex
(C:\Users\Timo\AppData\Roaming\MiKTeX\2.9\tex\generic\pgf\libraries\decorations
\pgflibrarydecorations.pathreplacing.code.tex))
\pgfplots@numplots=\count145
\pgfplots@xmin@reg=\dimen167
\pgfplots@xmax@reg=\dimen168
\pgfplots@ymin@reg=\dimen169
\pgfplots@ymax@reg=\dimen170
\pgfplots@zmin@reg=\dimen171
\pgfplots@zmax@reg=\dimen172
)
(C:\Users\Timo\AppData\Roaming\MiKTeX\2.9\tex\generic\pgf\frontendlayer\tikz\li
braries\tikzlibraryplotmarks.code.tex
File: tikzlibraryplotmarks.code.tex 2008/01/09 v2.10 (rcs-revision 1.1)

(C:\Users\Timo\AppData\Roaming\MiKTeX\2.9\tex\generic\pgf\libraries\pgflibraryp
lotmarks.code.tex
File: pgflibraryplotmarks.code.tex 2010/10/15 v2.10 (rcs-revision 1.12)
)))
("C:\Program Files (x86)\MiKTeX 2.9\tex\latex\oberdiek\epstopdf.sty"
Package: epstopdf 2010/02/09 v2.5 Conversion with epstopdf on the fly (HO)

("C:\Program Files (x86)\MiKTeX 2.9\tex\latex\oberdiek\epstopdf-base.sty"
Package: epstopdf-base 2010/02/09 v2.5 Base part for package epstopdf

("C:\Program Files (x86)\MiKTeX 2.9\tex\latex\oberdiek\grfext.sty"
Package: grfext 2010/08/19 v1.1 Manage graphics extensions (HO)

("C:\Program Files (x86)\MiKTeX 2.9\tex\generic\oberdiek\kvdefinekeys.sty"
Package: kvdefinekeys 2011/04/07 v1.3 Define keys (HO)
))
("C:\Program Files (x86)\MiKTeX 2.9\tex\latex\oberdiek\kvoptions.sty"
Package: kvoptions 2011/06/30 v3.11 Key value format for package options (HO)

("C:\Program Files (x86)\MiKTeX 2.9\tex\generic\oberdiek\kvsetkeys.sty"
Package: kvsetkeys 2012/04/25 v1.16 Key value parser (HO)

("C:\Program Files (x86)\MiKTeX 2.9\tex\generic\oberdiek\etexcmds.sty"
Package: etexcmds 2011/02/16 v1.5 Avoid name clashes with e-TeX commands (HO)

("C:\Program Files (x86)\MiKTeX 2.9\tex\generic\oberdiek\ifluatex.sty"
Package: ifluatex 2010/03/01 v1.3 Provides the ifluatex switch (HO)
Package ifluatex Info: LuaTeX not detected.
)
Package etexcmds Info: Could not find \expanded.
(etexcmds)             That can mean that you are not using pdfTeX 1.50 or
(etexcmds)             that some package has redefined \expanded.
(etexcmds)             In the latter case, load this package earlier.
)))
("C:\Program Files (x86)\MiKTeX 2.9\tex\generic\oberdiek\pdftexcmds.sty"
Package: pdftexcmds 2011/11/29 v0.20 Utility functions of pdfTeX for LuaTeX (HO
)

("C:\Program Files (x86)\MiKTeX 2.9\tex\generic\oberdiek\ifpdf.sty"
Package: ifpdf 2011/01/30 v2.3 Provides the ifpdf switch (HO)
Package ifpdf Info: pdfTeX in PDF mode is detected.
)
Package pdftexcmds Info: LuaTeX not detected.
Package pdftexcmds Info: \pdf@primitive is available.
Package pdftexcmds Info: \pdf@ifprimitive is available.
Package pdftexcmds Info: \pdfdraftmode found.
)
Package epstopdf-base Info: Redefining graphics rule for `.eps' on input line 4
34.
Package grfext Info: Graphics extension search list:
(grfext)             [.png,.pdf,.jpg,.mps,.jpeg,.jbig2,.jb2,.PNG,.PDF,.JPG,.JPE
G,.JBIG2,.JB2,.eps]
(grfext)             \AppendGraphicsExtensions on input line 452.
))
(C:\Users\Timo\AppData\Roaming\MiKTeX\2.9\tex\latex\caption\subcaption.sty
Package: subcaption 2013/02/03 v1.1-62 Sub-captions (AR)

(C:\Users\Timo\AppData\Roaming\MiKTeX\2.9\tex\latex\caption\caption.sty
Package: caption 2013/05/02 v3.3-89 Customizing captions (AR)

(C:\Users\Timo\AppData\Roaming\MiKTeX\2.9\tex\latex\caption\caption3.sty
Package: caption3 2013/05/02 v1.6-88 caption3 kernel (AR)
Package caption3 Info: TeX engine: e-TeX on input line 57.
\captionmargin=\dimen173
\captionmargin@=\dimen174
\captionwidth=\dimen175
\caption@tempdima=\dimen176
\caption@indent=\dimen177
\caption@parindent=\dimen178
\caption@hangindent=\dimen179
)
\c@ContinuedFloat=\count146
)
\c@subfigure=\count147
\c@subtable=\count148
)
("C:\Program Files (x86)\MiKTeX 2.9\tex\latex\hyperref\hyperref.sty"
Package: hyperref 2012/11/06 v6.83m Hypertext links for LaTeX

("C:\Program Files (x86)\MiKTeX 2.9\tex\generic\oberdiek\hobsub-hyperref.sty"
Package: hobsub-hyperref 2012/04/25 v1.12 Bundle oberdiek, subset hyperref (HO)


("C:\Program Files (x86)\MiKTeX 2.9\tex\generic\oberdiek\hobsub-generic.sty"
Package: hobsub-generic 2012/04/25 v1.12 Bundle oberdiek, subset generic (HO)
Package: hobsub 2012/04/25 v1.12 Construct package bundles (HO)
Package hobsub Info: Skipping package `infwarerr' (already loaded).
Package hobsub Info: Skipping package `ltxcmds' (already loaded).
Package hobsub Info: Skipping package `ifluatex' (already loaded).
Package: ifvtex 2010/03/01 v1.5 Detect VTeX and its facilities (HO)
Package ifvtex Info: VTeX not detected.
Package: intcalc 2007/09/27 v1.1 Expandable calculations with integers (HO)
Package hobsub Info: Skipping package `ifpdf' (already loaded).
Package hobsub Info: Skipping package `etexcmds' (already loaded).
Package hobsub Info: Skipping package `kvsetkeys' (already loaded).
Package hobsub Info: Skipping package `kvdefinekeys' (already loaded).
Package hobsub Info: Skipping package `pdftexcmds' (already loaded).
Package: pdfescape 2011/11/25 v1.13 Implements pdfTeX's escape features (HO)
Package: bigintcalc 2012/04/08 v1.3 Expandable calculations on big integers (HO
)
Package: bitset 2011/01/30 v1.1 Handle bit-vector datatype (HO)
Package: uniquecounter 2011/01/30 v1.2 Provide unlimited unique counter (HO)
)
Package hobsub Info: Skipping package `hobsub' (already loaded).
Package: letltxmacro 2010/09/02 v1.4 Let assignment for LaTeX macros (HO)
Package: hopatch 2011/06/24 v1.1 Wrapper for package hooks (HO)
Package: xcolor-patch 2011/01/30 xcolor patch
Package: atveryend 2011/06/30 v1.8 Hooks at the very end of document (HO)
Package atveryend Info: \enddocument detected (standard20110627).
Package: atbegshi 2011/10/05 v1.16 At begin shipout hook (HO)
Package: refcount 2011/10/16 v3.4 Data extraction from label references (HO)
Package: hycolor 2011/01/30 v1.7 Color options for hyperref/bookmark (HO)
)
("C:\Program Files (x86)\MiKTeX 2.9\tex\generic\ifxetex\ifxetex.sty"
Package: ifxetex 2010/09/12 v0.6 Provides ifxetex conditional
)
("C:\Program Files (x86)\MiKTeX 2.9\tex\latex\oberdiek\auxhook.sty"
Package: auxhook 2011/03/04 v1.3 Hooks for auxiliary files (HO)
)
\@linkdim=\dimen180
\Hy@linkcounter=\count149
\Hy@pagecounter=\count150

("C:\Program Files (x86)\MiKTeX 2.9\tex\latex\hyperref\pd1enc.def"
File: pd1enc.def 2012/11/06 v6.83m Hyperref: PDFDocEncoding definition (HO)
)
\Hy@SavedSpaceFactor=\count151
Package hyperref Info: Option `unicode' set `true' on input line 3411.

("C:\Program Files (x86)\MiKTeX 2.9\tex\latex\hyperref\puenc.def"
File: puenc.def 2012/11/06 v6.83m Hyperref: PDF Unicode definition (HO)
)
("C:\Program Files (x86)\MiKTeX 2.9\tex\latex\00miktex\hyperref.cfg"
File: hyperref.cfg 2002/06/06 v1.2 hyperref configuration of TeXLive
)
Package hyperref Info: Hyper figures OFF on input line 4443.
Package hyperref Info: Link nesting OFF on input line 4448.
Package hyperref Info: Hyper index ON on input line 4451.
Package hyperref Info: Plain pages OFF on input line 4458.
Package hyperref Info: Backreferencing OFF on input line 4463.
Package hyperref Info: Implicit mode ON; LaTeX internals redefined.
Package hyperref Info: Bookmarks ON on input line 4688.
\c@Hy@tempcnt=\count152
LaTeX Info: Redefining \url on input line 5041.
\XeTeXLinkMargin=\dimen181
\Fld@menulength=\count153
\Field@Width=\dimen182
\Fld@charsize=\dimen183
Package hyperref Info: Hyper figures OFF on input line 6295.
Package hyperref Info: Link nesting OFF on input line 6300.
Package hyperref Info: Hyper index ON on input line 6303.
Package hyperref Info: backreferencing OFF on input line 6310.
Package hyperref Info: Link coloring OFF on input line 6315.
Package hyperref Info: Link coloring with OCG OFF on input line 6320.
Package hyperref Info: PDF/A mode OFF on input line 6325.
LaTeX Info: Redefining \ref on input line 6365.
LaTeX Info: Redefining \pageref on input line 6369.
\Hy@abspage=\count154
\c@Item=\count155
\c@Hfootnote=\count156
)

Package hyperref Message: Driver (autodetected): hpdftex.

("C:\Program Files (x86)\MiKTeX 2.9\tex\latex\hyperref\hpdftex.def"
File: hpdftex.def 2012/11/06 v6.83m Hyperref driver for pdfTeX
\Fld@listcount=\count157
\c@bookmark@seq@number=\count158

("C:\Program Files (x86)\MiKTeX 2.9\tex\latex\oberdiek\rerunfilecheck.sty"
Package: rerunfilecheck 2011/04/15 v1.7 Rerun checks for auxiliary files (HO)
Package uniquecounter Info: New unique counter `rerunfilecheck' on input line 2
82.
)
\Hy@SectionHShift=\skip62
)
\c@Theorem=\count159
\c@theorem=\count160
\c@Lemma=\count161
\c@lemma=\count162
\c@Nerav=\count163
\c@Collorary=\count164
\c@collorary=\count165
\c@Definition=\count166
\c@definition=\count167
\c@example=\count168

("D:\8. Study\Publications\Prodanov\prodanov.aux"
("D:\8. Study\Publications\Prodanov\prodanov/prodanov.aux"))
LaTeX Font Info:    Checking defaults for OML/cmm/m/it on input line 73.
LaTeX Font Info:    ... okay on input line 73.
LaTeX Font Info:    Checking defaults for T1/cmr/m/n on input line 73.
LaTeX Font Info:    ... okay on input line 73.
LaTeX Font Info:    Checking defaults for OT1/cmr/m/n on input line 73.
LaTeX Font Info:    ... okay on input line 73.
LaTeX Font Info:    Checking defaults for OMS/cmsy/m/n on input line 73.
LaTeX Font Info:    ... okay on input line 73.
LaTeX Font Info:    Checking defaults for OMX/cmex/m/n on input line 73.
LaTeX Font Info:    ... okay on input line 73.
LaTeX Font Info:    Checking defaults for U/cmr/m/n on input line 73.
LaTeX Font Info:    ... okay on input line 73.
LaTeX Font Info:    Checking defaults for T2A/cmr/m/n on input line 73.
LaTeX Font Info:    ... okay on input line 73.
LaTeX Font Info:    Checking defaults for PD1/pdf/m/n on input line 73.
LaTeX Font Info:    ... okay on input line 73.
LaTeX Font Info:    Checking defaults for PU/pdf/m/n on input line 73.
LaTeX Font Info:    ... okay on input line 73.

ABD: EveryShipout initializing macros
(C:\Users\Timo\AppData\Roaming\MiKTeX\2.9\tex\context\base\supp-pdf.mkii
[Loading MPS to PDF converter (version 2006.09.02).]
\scratchcounter=\count169
\scratchdimen=\dimen184
\scratchbox=\box43
\nofMPsegments=\count170
\nofMParguments=\count171
\everyMPshowfont=\toks50
\MPscratchCnt=\count172
\MPscratchDim=\dimen185
\MPnumerator=\count173
\makeMPintoPDFobject=\count174
\everyMPtoPDFconversion=\toks51
)
Package pgfplots notification 'compat/show suggested version=true': document ha
s been generated with the most recent feature set (\pgfplotsset{compat=1.12}).

Package caption Info: Begin \AtBeginDocument code.
Package caption Info: hyperref package is loaded.
Package caption Info: End \AtBeginDocument code.
\AtBeginShipoutBox=\box44
Package hyperref Info: Link coloring OFF on input line 73.
("C:\Program Files (x86)\MiKTeX 2.9\tex\latex\hyperref\nameref.sty"
Package: nameref 2012/10/27 v2.43 Cross-referencing by name of section

("C:\Program Files (x86)\MiKTeX 2.9\tex\generic\oberdiek\gettitlestring.sty"
Package: gettitlestring 2010/12/03 v1.4 Cleanup title references (HO)
)
\c@section@level=\count175
)
LaTeX Info: Redefining \ref on input line 73.
LaTeX Info: Redefining \pageref on input line 73.
LaTeX Info: Redefining \nameref on input line 73.

("D:\8. Study\Publications\Prodanov\prodanov.out")
("D:\8. Study\Publications\Prodanov\prodanov.out")
\@outlinefile=\write4

("D:\8. Study\Publications\Prodanov\prodanov/prodanov.tex"

Package hyperref Warning: Token not allowed in a PDF string (Unicode):
(hyperref)                removing `\cleaders' on input line 2.


Package hyperref Warning: Token not allowed in a PDF string (Unicode):
(hyperref)                removing `\hbox' on input line 2.


Package hyperref Warning: Token not allowed in a PDF string (Unicode):
(hyperref)                removing `\hss' on input line 2.


Package hyperref Warning: Token not allowed in a PDF string (Unicode):
(hyperref)                removing `\hss' on input line 2.


Package hyperref Warning: Token not allowed in a PDF string (Unicode):
(hyperref)                removing `\hfill' on input line 2.

("D:\8. Study\Publications\Prodanov\prodanov/prodanov.1.tex"

LaTeX Warning: Citation `Euler:1741' on page \hfill {\relax \fontsize {8}{9.5}\
selectfont \abovedisplayskip 6\p@ plus2\p@ minus4\p@ \abovedisplayshortskip \z@
 plus\p@ \belowdisplayshortskip 3\p@ plus\p@ minus2\p@ \def \leftmargin \leftma
rgini \parsep 4\p@ plus2\p@ minus\p@ \topsep 8\p@ plus2\p@ minus4\p@ \itemsep 4
\p@ plus2\p@ minus\p@ {\leftmargin \leftmargini \topsep 3\p@ plus\p@ minus\p@ \
parsep 2\p@ plus\p@ minus\p@ \itemsep \parsep }\belowdisplayskip \abovedisplays
kip { 1}} undefined on input line 4.


LaTeX Warning: Citation `Weber:1978' on page \hfill {\relax \fontsize {8}{9.5}\
selectfont \abovedisplayskip 6\p@ plus2\p@ minus4\p@ \abovedisplayshortskip \z@
 plus\p@ \belowdisplayshortskip 3\p@ plus\p@ minus2\p@ \def \leftmargin \leftma
rgini \parsep 4\p@ plus2\p@ minus\p@ \topsep 8\p@ plus2\p@ minus4\p@ \itemsep 4
\p@ plus2\p@ minus\p@ {\leftmargin \leftmargini \topsep 3\p@ plus\p@ minus\p@ \
parsep 2\p@ plus\p@ minus\p@ \itemsep \parsep }\belowdisplayskip \abovedisplays
kip { 1}} undefined on input line 4.


LaTeX Warning: Citation `Erlang:1917' on page \hfill {\relax \fontsize {8}{9.5}
\selectfont \abovedisplayskip 6\p@ plus2\p@ minus4\p@ \abovedisplayshortskip \z
@ plus\p@ \belowdisplayshortskip 3\p@ plus\p@ minus2\p@ \def \leftmargin \leftm
argini \parsep 4\p@ plus2\p@ minus\p@ \topsep 8\p@ plus2\p@ minus4\p@ \itemsep 
4\p@ plus2\p@ minus\p@ {\leftmargin \leftmargini \topsep 3\p@ plus\p@ minus\p@ 
\parsep 2\p@ plus\p@ minus\p@ \itemsep \parsep }\belowdisplayskip \abovedisplay
skip { 1}} undefined on input line 4.


LaTeX Warning: Citation `Moore&Newman:2000' on page \hfill {\relax \fontsize {8
}{9.5}\selectfont \abovedisplayskip 6\p@ plus2\p@ minus4\p@ \abovedisplayshorts
kip \z@ plus\p@ \belowdisplayshortskip 3\p@ plus\p@ minus2\p@ \def \leftmargin 
\leftmargini \parsep 4\p@ plus2\p@ minus\p@ \topsep 8\p@ plus2\p@ minus4\p@ \it
emsep 4\p@ plus2\p@ minus\p@ {\leftmargin \leftmargini \topsep 3\p@ plus\p@ min
us\p@ \parsep 2\p@ plus\p@ minus\p@ \itemsep \parsep }\belowdisplayskip \aboved
isplayskip { 1}} undefined on input line 6.


LaTeX Warning: Citation `Zhao&al:2006' on page \hfill {\relax \fontsize {8}{9.5
}\selectfont \abovedisplayskip 6\p@ plus2\p@ minus4\p@ \abovedisplayshortskip \
z@ plus\p@ \belowdisplayshortskip 3\p@ plus\p@ minus2\p@ \def \leftmargin \left
margini \parsep 4\p@ plus2\p@ minus\p@ \topsep 8\p@ plus2\p@ minus4\p@ \itemsep
 4\p@ plus2\p@ minus\p@ {\leftmargin \leftmargini \topsep 3\p@ plus\p@ minus\p@
 \parsep 2\p@ plus\p@ minus\p@ \itemsep \parsep }\belowdisplayskip \abovedispla
yskip { 1}} undefined on input line 6.


LaTeX Warning: Citation `Hong&al:2009' on page \hfill {\relax \fontsize {8}{9.5
}\selectfont \abovedisplayskip 6\p@ plus2\p@ minus4\p@ \abovedisplayshortskip \
z@ plus\p@ \belowdisplayshortskip 3\p@ plus\p@ minus2\p@ \def \leftmargin \left
margini \parsep 4\p@ plus2\p@ minus\p@ \topsep 8\p@ plus2\p@ minus4\p@ \itemsep
 4\p@ plus2\p@ minus\p@ {\leftmargin \leftmargini \topsep 3\p@ plus\p@ minus\p@
 \parsep 2\p@ plus\p@ minus\p@ \itemsep \parsep }\belowdisplayskip \abovedispla
yskip { 1}} undefined on input line 6.


LaTeX Warning: Citation `Scott:2012' on page \hfill {\relax \fontsize {8}{9.5}\
selectfont \abovedisplayskip 6\p@ plus2\p@ minus4\p@ \abovedisplayshortskip \z@
 plus\p@ \belowdisplayshortskip 3\p@ plus\p@ minus2\p@ \def \leftmargin \leftma
rgini \parsep 4\p@ plus2\p@ minus\p@ \topsep 8\p@ plus2\p@ minus4\p@ \itemsep 4
\p@ plus2\p@ minus\p@ {\leftmargin \leftmargini \topsep 3\p@ plus\p@ minus\p@ \
parsep 2\p@ plus\p@ minus\p@ \itemsep \parsep }\belowdisplayskip \abovedisplays
kip { 1}} undefined on input line 6.


LaTeX Warning: Citation `Faloutsos&al:1999' on page \hfill {\relax \fontsize {8
}{9.5}\selectfont \abovedisplayskip 6\p@ plus2\p@ minus4\p@ \abovedisplayshorts
kip \z@ plus\p@ \belowdisplayshortskip 3\p@ plus\p@ minus2\p@ \def \leftmargin 
\leftmargini \parsep 4\p@ plus2\p@ minus\p@ \topsep 8\p@ plus2\p@ minus4\p@ \it
emsep 4\p@ plus2\p@ minus\p@ {\leftmargin \leftmargini \topsep 3\p@ plus\p@ min
us\p@ \parsep 2\p@ plus\p@ minus\p@ \itemsep \parsep }\belowdisplayskip \aboved
isplayskip { 1}} undefined on input line 6.


LaTeX Warning: Citation `Broder&al:2000' on page \hfill {\relax \fontsize {8}{9
.5}\selectfont \abovedisplayskip 6\p@ plus2\p@ minus4\p@ \abovedisplayshortskip
 \z@ plus\p@ \belowdisplayshortskip 3\p@ plus\p@ minus2\p@ \def \leftmargin \le
ftmargini \parsep 4\p@ plus2\p@ minus\p@ \topsep 8\p@ plus2\p@ minus4\p@ \items
ep 4\p@ plus2\p@ minus\p@ {\leftmargin \leftmargini \topsep 3\p@ plus\p@ minus\
p@ \parsep 2\p@ plus\p@ minus\p@ \itemsep \parsep }\belowdisplayskip \abovedisp
layskip { 1}} undefined on input line 6.

LaTeX Font Info:    Try loading font information for U+msa on input line 8.
("C:\Program Files (x86)\MiKTeX 2.9\tex\latex\amsfonts\umsa.fd"
File: umsa.fd 2013/01/14 v3.01 AMS symbols A
)
LaTeX Font Info:    Try loading font information for U+msb on input line 8.

("C:\Program Files (x86)\MiKTeX 2.9\tex\latex\amsfonts\umsb.fd"
File: umsb.fd 2013/01/14 v3.01 AMS symbols B
)
LaTeX Font Info:    Try loading font information for U+lasy on input line 8.

("C:\Program Files (x86)\MiKTeX 2.9\tex\latex\base\ulasy.fd"
File: ulasy.fd 1998/08/17 v2.2e LaTeX symbol font definitions
)
LaTeX Font Info:    Try loading font information for U+rsfs on input line 8.

("C:\Program Files (x86)\MiKTeX 2.9\tex\latex\jknappen\ursfs.fd"
File: ursfs.fd 1998/03/24 rsfs font definition file (jk)
)

LaTeX Warning: Citation `Boccaletti&al:2006' on page \hfill {\relax \fontsize {
8}{9.5}\selectfont \abovedisplayskip 6\p@ plus2\p@ minus4\p@ \abovedisplayshort
skip \z@ plus\p@ \belowdisplayshortskip 3\p@ plus\p@ minus2\p@ \def \leftmargin
 \leftmargini \parsep 4\p@ plus2\p@ minus\p@ \topsep 8\p@ plus2\p@ minus4\p@ \i
temsep 4\p@ plus2\p@ minus\p@ {\leftmargin \leftmargini \topsep 3\p@ plus\p@ mi
nus\p@ \parsep 2\p@ plus\p@ minus\p@ \itemsep \parsep }\belowdisplayskip \above
displayskip { 1}} undefined on input line 8.


Overfull \hbox (5.67442pt too wide) in paragraph at lines 8--9
[]\T2A/cmr/m/n/10 Типичной ха-рак-те-ри-сти-кой уз-ла се-ти яв-ля-ет-ся его \T2
A/cmr/m/it/10 сте-пень\T2A/cmr/m/n/10 , опре-
 []


Package hyperref Warning: Token not allowed in a PDF string (Unicode):
(hyperref)                removing `\hfill' on input line 9.


Package hyperref Warning: Token not allowed in a PDF string (PDFDocEncoding):
(hyperref)                removing `\hfill' on input line 9.

[1
Non-PDF special ignored!
Non-PDF special ignored!
Non-PDF special ignored!
Non-PDF special ignored!
Non-PDF special ignored!
Non-PDF special ignored!
Non-PDF special ignored!


Non-PDF special ignored!
Non-PDF special ignored!
Non-PDF special ignored!
Non-PDF special ignored!
Non-PDF special ignored!
Non-PDF special ignored!
Non-PDF special ignored!
Non-PDF special ignored!

{C:/Users/Timo/AppData/Local/MiKTeX/2.9/pdftex/config/pdftex.map}]

LaTeX Warning: Citation `Dejori&al:2004' on page \hfill {\relax \fontsize {8}{9
.5}\selectfont \abovedisplayskip 6\p@ plus2\p@ minus4\p@ \abovedisplayshortskip
 \z@ plus\p@ \belowdisplayshortskip 3\p@ plus\p@ minus2\p@ \def \leftmargin \le
ftmargini \parsep 4\p@ plus2\p@ minus\p@ \topsep 8\p@ plus2\p@ minus4\p@ \items
ep 4\p@ plus2\p@ minus\p@ {\leftmargin \leftmargini \topsep 3\p@ plus\p@ minus\
p@ \parsep 2\p@ plus\p@ minus\p@ \itemsep \parsep }\belowdisplayskip \abovedisp
layskip { 2}} undefined on input line 10.


LaTeX Warning: Citation `Ovelgoenne&Geyer-Schulz:2010' on page \hfill {\relax \
fontsize {8}{9.5}\selectfont \abovedisplayskip 6\p@ plus2\p@ minus4\p@ \abovedi
splayshortskip \z@ plus\p@ \belowdisplayshortskip 3\p@ plus\p@ minus2\p@ \def \
leftmargin \leftmargini \parsep 4\p@ plus2\p@ minus\p@ \topsep 8\p@ plus2\p@ mi
nus4\p@ \itemsep 4\p@ plus2\p@ minus\p@ {\leftmargin \leftmargini \topsep 3\p@ 
plus\p@ minus\p@ \parsep 2\p@ plus\p@ minus\p@ \itemsep \parsep }\belowdisplays
kip \abovedisplayskip { 2}} undefined on input line 12.


LaTeX Warning: Citation `Ovelgoenne&Geyer-Schulz:2012b' on page \hfill {\relax 
\fontsize {8}{9.5}\selectfont \abovedisplayskip 6\p@ plus2\p@ minus4\p@ \aboved
isplayshortskip \z@ plus\p@ \belowdisplayshortskip 3\p@ plus\p@ minus2\p@ \def 
\leftmargin \leftmargini \parsep 4\p@ plus2\p@ minus\p@ \topsep 8\p@ plus2\p@ m
inus4\p@ \itemsep 4\p@ plus2\p@ minus\p@ {\leftmargin \leftmargini \topsep 3\p@
 plus\p@ minus\p@ \parsep 2\p@ plus\p@ minus\p@ \itemsep \parsep }\belowdisplay
skip \abovedisplayskip { 2}} undefined on input line 12.


LaTeX Warning: Reference `sec:intro' on page \hfill {\relax \fontsize {8}{9.5}\
selectfont \abovedisplayskip 6\p@ plus2\p@ minus4\p@ \abovedisplayshortskip \z@
 plus\p@ \belowdisplayshortskip 3\p@ plus\p@ minus2\p@ \def \leftmargin \leftma
rgini \parsep 4\p@ plus2\p@ minus\p@ \topsep 8\p@ plus2\p@ minus4\p@ \itemsep 4
\p@ plus2\p@ minus\p@ {\leftmargin \leftmargini \topsep 3\p@ plus\p@ minus\p@ \
parsep 2\p@ plus\p@ minus\p@ \itemsep \parsep }\belowdisplayskip \abovedisplays
kip { 2}} undefined on input line 14.


LaTeX Warning: Reference `sec:ARG' on page \hfill {\relax \fontsize {8}{9.5}\se
lectfont \abovedisplayskip 6\p@ plus2\p@ minus4\p@ \abovedisplayshortskip \z@ p
lus\p@ \belowdisplayshortskip 3\p@ plus\p@ minus2\p@ \def \leftmargin \leftmarg
ini \parsep 4\p@ plus2\p@ minus\p@ \topsep 8\p@ plus2\p@ minus4\p@ \itemsep 4\p
@ plus2\p@ minus\p@ {\leftmargin \leftmargini \topsep 3\p@ plus\p@ minus\p@ \pa
rsep 2\p@ plus\p@ minus\p@ \itemsep \parsep }\belowdisplayskip \abovedisplayski
p { 2}} undefined on input line 14.


LaTeX Warning: Reference `sec:ACGGC' on page \hfill {\relax \fontsize {8}{9.5}\
selectfont \abovedisplayskip 6\p@ plus2\p@ minus4\p@ \abovedisplayshortskip \z@
 plus\p@ \belowdisplayshortskip 3\p@ plus\p@ minus2\p@ \def \leftmargin \leftma
rgini \parsep 4\p@ plus2\p@ minus\p@ \topsep 8\p@ plus2\p@ minus4\p@ \itemsep 4
\p@ plus2\p@ minus\p@ {\leftmargin \leftmargini \topsep 3\p@ plus\p@ minus\p@ \
parsep 2\p@ plus\p@ minus\p@ \itemsep \parsep }\belowdisplayskip \abovedisplays
kip { 2}} undefined on input line 14.

) ("D:\8. Study\Publications\Prodanov\prodanov/prodanov.2.tex"

Package hyperref Warning: Token not allowed in a PDF string (Unicode):
(hyperref)                removing `\hfill' on input line 1.


Package hyperref Warning: Token not allowed in a PDF string (PDFDocEncoding):
(hyperref)                removing `\hfill' on input line 1.

[2]
Overfull \hbox (2.63449pt too wide) in paragraph at lines 9--10
\T2A/cmr/m/n/10 гра-фа. В ра-бо-те бу-дут рас-смат-ри-вать-ся толь-ко невзве-ше
н-ные неори-
 []


Overfull \hbox (0.22534pt too wide) in paragraph at lines 9--10
\T2A/cmr/m/n/10 ен-ти-ро-ван-ные гра-фы. Неори-ен-ти-ро-ван-ный невзве-шен-ный 
граф $\OML/cmm/m/it/10 G \OT1/cmr/m/n/10 =
 []


LaTeX Warning: Citation `Newman&Girvan:2004' on page \hfill {\relax \fontsize {
8}{9.5}\selectfont \abovedisplayskip 6\p@ plus2\p@ minus4\p@ \abovedisplayshort
skip \z@ plus\p@ \belowdisplayshortskip 3\p@ plus\p@ minus2\p@ \def \leftmargin
 \leftmargini \parsep 4\p@ plus2\p@ minus\p@ \topsep 8\p@ plus2\p@ minus4\p@ \i
temsep 4\p@ plus2\p@ minus\p@ {\leftmargin \leftmargini \topsep 3\p@ plus\p@ mi
nus\p@ \parsep 2\p@ plus\p@ minus\p@ \itemsep \parsep }\belowdisplayskip \above
displayskip { 3}} undefined on input line 25.


Package hyperref Warning: Token not allowed in a PDF string (Unicode):
(hyperref)                removing `\hfill' on input line 27.


Package hyperref Warning: Token not allowed in a PDF string (PDFDocEncoding):
(hyperref)                removing `\hfill' on input line 27.

[3]

LaTeX Warning: Citation `Brandes&al:2008' on page \hfill {\relax \fontsize {8}{
9.5}\selectfont \abovedisplayskip 6\p@ plus2\p@ minus4\p@ \abovedisplayshortski
p \z@ plus\p@ \belowdisplayshortskip 3\p@ plus\p@ minus2\p@ \def \leftmargin \l
eftmargini \parsep 4\p@ plus2\p@ minus\p@ \topsep 8\p@ plus2\p@ minus4\p@ \item
sep 4\p@ plus2\p@ minus\p@ {\leftmargin \leftmargini \topsep 3\p@ plus\p@ minus
\p@ \parsep 2\p@ plus\p@ minus\p@ \itemsep \parsep }\belowdisplayskip \abovedis
playskip { 4}} undefined on input line 37.


Package hyperref Warning: Token not allowed in a PDF string (Unicode):
(hyperref)                removing `\hfill' on input line 38.


Package hyperref Warning: Token not allowed in a PDF string (PDFDocEncoding):
(hyperref)                removing `\hfill' on input line 38.

[4]
Overfull \hbox (14.43715pt too wide) in paragraph at lines 44--45
\T2A/cmr/m/n/10 [?] был пред-ло-жен ран-до-ми-зи-ро-ван-ный жад-ный ал-го-ритм 
(Randomized
 []


Package hyperref Warning: Token not allowed in a PDF string (Unicode):
(hyperref)                removing `\hfill' on input line 60.


Package hyperref Warning: Token not allowed in a PDF string (PDFDocEncoding):
(hyperref)                removing `\hfill' on input line 60.

[5]
Overfull \hbox (12.33049pt too wide) in paragraph at lines 64--66
[]\T2A/cmr/m/n/10 Необходимо опре-де-лить по-ня-тие \T2A/cmr/m/it/10 мак-си-мал
ь-ное пе-ре-кры-тие\T2A/cmr/m/n/10 . Пусть
 []


LaTeX Warning: Citation `Robbins&Monro:1951' on page \hfill {\relax \fontsize {
8}{9.5}\selectfont \abovedisplayskip 6\p@ plus2\p@ minus4\p@ \abovedisplayshort
skip \z@ plus\p@ \belowdisplayshortskip 3\p@ plus\p@ minus2\p@ \def \leftmargin
 \leftmargini \parsep 4\p@ plus2\p@ minus\p@ \topsep 8\p@ plus2\p@ minus4\p@ \i
temsep 4\p@ plus2\p@ minus\p@ {\leftmargin \leftmargini \topsep 3\p@ plus\p@ mi
nus\p@ \parsep 2\p@ plus\p@ minus\p@ \itemsep \parsep }\belowdisplayskip \above
displayskip { 6}} undefined on input line 76.


LaTeX Warning: Citation `Kiefer&Wolfowitz:1952' on page \hfill {\relax \fontsiz
e {8}{9.5}\selectfont \abovedisplayskip 6\p@ plus2\p@ minus4\p@ \abovedisplaysh
ortskip \z@ plus\p@ \belowdisplayshortskip 3\p@ plus\p@ minus2\p@ \def \leftmar
gin \leftmargini \parsep 4\p@ plus2\p@ minus\p@ \topsep 8\p@ plus2\p@ minus4\p@
 \itemsep 4\p@ plus2\p@ minus\p@ {\leftmargin \leftmargini \topsep 3\p@ plus\p@
 minus\p@ \parsep 2\p@ plus\p@ minus\p@ \itemsep \parsep }\belowdisplayskip \ab
ovedisplayskip { 6}} undefined on input line 76.


LaTeX Warning: Citation `Blum:1954' on page \hfill {\relax \fontsize {8}{9.5}\s
electfont \abovedisplayskip 6\p@ plus2\p@ minus4\p@ \abovedisplayshortskip \z@ 
plus\p@ \belowdisplayshortskip 3\p@ plus\p@ minus2\p@ \def \leftmargin \leftmar
gini \parsep 4\p@ plus2\p@ minus\p@ \topsep 8\p@ plus2\p@ minus4\p@ \itemsep 4\
p@ plus2\p@ minus\p@ {\leftmargin \leftmargini \topsep 3\p@ plus\p@ minus\p@ \p
arsep 2\p@ plus\p@ minus\p@ \itemsep \parsep }\belowdisplayskip \abovedisplaysk
ip { 6}} undefined on input line 76.


LaTeX Warning: Citation `Granichin:1989' on page \hfill {\relax \fontsize {8}{9
.5}\selectfont \abovedisplayskip 6\p@ plus2\p@ minus4\p@ \abovedisplayshortskip
 \z@ plus\p@ \belowdisplayshortskip 3\p@ plus\p@ minus2\p@ \def \leftmargin \le
ftmargini \parsep 4\p@ plus2\p@ minus\p@ \topsep 8\p@ plus2\p@ minus4\p@ \items
ep 4\p@ plus2\p@ minus\p@ {\leftmargin \leftmargini \topsep 3\p@ plus\p@ minus\
p@ \parsep 2\p@ plus\p@ minus\p@ \itemsep \parsep }\belowdisplayskip \abovedisp
layskip { 6}} undefined on input line 76.


LaTeX Warning: Citation `Polyak&Cybakov:1990' on page \hfill {\relax \fontsize 
{8}{9.5}\selectfont \abovedisplayskip 6\p@ plus2\p@ minus4\p@ \abovedisplayshor
tskip \z@ plus\p@ \belowdisplayshortskip 3\p@ plus\p@ minus2\p@ \def \leftmargi
n \leftmargini \parsep 4\p@ plus2\p@ minus\p@ \topsep 8\p@ plus2\p@ minus4\p@ \
itemsep 4\p@ plus2\p@ minus\p@ {\leftmargin \leftmargini \topsep 3\p@ plus\p@ m
inus\p@ \parsep 2\p@ plus\p@ minus\p@ \itemsep \parsep }\belowdisplayskip \abov
edisplayskip { 6}} undefined on input line 76.


LaTeX Warning: Citation `Spall:1992' on page \hfill {\relax \fontsize {8}{9.5}\
selectfont \abovedisplayskip 6\p@ plus2\p@ minus4\p@ \abovedisplayshortskip \z@
 plus\p@ \belowdisplayshortskip 3\p@ plus\p@ minus2\p@ \def \leftmargin \leftma
rgini \parsep 4\p@ plus2\p@ minus\p@ \topsep 8\p@ plus2\p@ minus4\p@ \itemsep 4
\p@ plus2\p@ minus\p@ {\leftmargin \leftmargini \topsep 3\p@ plus\p@ minus\p@ \
parsep 2\p@ plus\p@ minus\p@ \itemsep \parsep }\belowdisplayskip \abovedisplays
kip { 6}} undefined on input line 76.


LaTeX Warning: Citation `Spall:2005' on page \hfill {\relax \fontsize {8}{9.5}\
selectfont \abovedisplayskip 6\p@ plus2\p@ minus4\p@ \abovedisplayshortskip \z@
 plus\p@ \belowdisplayshortskip 3\p@ plus\p@ minus2\p@ \def \leftmargin \leftma
rgini \parsep 4\p@ plus2\p@ minus\p@ \topsep 8\p@ plus2\p@ minus4\p@ \itemsep 4
\p@ plus2\p@ minus\p@ {\leftmargin \leftmargini \topsep 3\p@ plus\p@ minus\p@ \
parsep 2\p@ plus\p@ minus\p@ \itemsep \parsep }\belowdisplayskip \abovedisplays
kip { 6}} undefined on input line 76.


Package hyperref Warning: Token not allowed in a PDF string (Unicode):
(hyperref)                removing `\hfill' on input line 77.


Package hyperref Warning: Token not allowed in a PDF string (PDFDocEncoding):
(hyperref)                removing `\hfill' on input line 77.

[6]

LaTeX Warning: Citation `Polyak:1987' on page \hfill {\relax \fontsize {8}{9.5}
\selectfont \abovedisplayskip 6\p@ plus2\p@ minus4\p@ \abovedisplayshortskip \z
@ plus\p@ \belowdisplayshortskip 3\p@ plus\p@ minus2\p@ \def \leftmargin \leftm
argini \parsep 4\p@ plus2\p@ minus\p@ \topsep 8\p@ plus2\p@ minus4\p@ \itemsep 
4\p@ plus2\p@ minus\p@ {\leftmargin \leftmargini \topsep 3\p@ plus\p@ minus\p@ 
\parsep 2\p@ plus\p@ minus\p@ \itemsep \parsep }\belowdisplayskip \abovedisplay
skip { 7}} undefined on input line 78.


LaTeX Warning: Citation `Kushner&Yin:2003' on page \hfill {\relax \fontsize {8}
{9.5}\selectfont \abovedisplayskip 6\p@ plus2\p@ minus4\p@ \abovedisplayshortsk
ip \z@ plus\p@ \belowdisplayshortskip 3\p@ plus\p@ minus2\p@ \def \leftmargin \
leftmargini \parsep 4\p@ plus2\p@ minus\p@ \topsep 8\p@ plus2\p@ minus4\p@ \ite
msep 4\p@ plus2\p@ minus\p@ {\leftmargin \leftmargini \topsep 3\p@ plus\p@ minu
s\p@ \parsep 2\p@ plus\p@ minus\p@ \itemsep \parsep }\belowdisplayskip \abovedi
splayskip { 7}} undefined on input line 95.


LaTeX Warning: Citation `Borkar:2008' on page \hfill {\relax \fontsize {8}{9.5}
\selectfont \abovedisplayskip 6\p@ plus2\p@ minus4\p@ \abovedisplayshortskip \z
@ plus\p@ \belowdisplayshortskip 3\p@ plus\p@ minus2\p@ \def \leftmargin \leftm
argini \parsep 4\p@ plus2\p@ minus\p@ \topsep 8\p@ plus2\p@ minus4\p@ \itemsep 
4\p@ plus2\p@ minus\p@ {\leftmargin \leftmargini \topsep 3\p@ plus\p@ minus\p@ 
\parsep 2\p@ plus\p@ minus\p@ \itemsep \parsep }\belowdisplayskip \abovedisplay
skip { 7}} undefined on input line 95.


LaTeX Warning: Citation `Granichin&Amelina:2015' on page \hfill {\relax \fontsi
ze {8}{9.5}\selectfont \abovedisplayskip 6\p@ plus2\p@ minus4\p@ \abovedisplays
hortskip \z@ plus\p@ \belowdisplayshortskip 3\p@ plus\p@ minus2\p@ \def \leftma
rgin \leftmargini \parsep 4\p@ plus2\p@ minus\p@ \topsep 8\p@ plus2\p@ minus4\p
@ \itemsep 4\p@ plus2\p@ minus\p@ {\leftmargin \leftmargini \topsep 3\p@ plus\p
@ minus\p@ \parsep 2\p@ plus\p@ minus\p@ \itemsep \parsep }\belowdisplayskip \a
bovedisplayskip { 7}} undefined on input line 95.


Package hyperref Warning: Token not allowed in a PDF string (Unicode):
(hyperref)                removing `\hfill' on input line 98.


Package hyperref Warning: Token not allowed in a PDF string (PDFDocEncoding):
(hyperref)                removing `\hfill' on input line 98.

[7]
LaTeX Font Info:    Try loading font information for T2A+cmtt on input line 117
.
 ("C:\Program Files (x86)\MiKTeX 2.9\tex\latex\cyrillic\t2acmtt.fd"
File: t2acmtt.fd 2001/08/11 v1.0a Computer Modern Cyrillic font definitions
))
("D:\8. Study\Publications\Prodanov\prodanov/prodanov.3.tex"

Package hyperref Warning: Token not allowed in a PDF string (Unicode):
(hyperref)                removing `\\' on input line 1.


Package hyperref Warning: Token not allowed in a PDF string (Unicode):
(hyperref)                removing `\hfill' on input line 10.


Package hyperref Warning: Token not allowed in a PDF string (PDFDocEncoding):
(hyperref)                removing `\hfill' on input line 10.

[8]
Package epstopdf Info: Source file: <prodanov/prodanov_validity_karate.eps>
(epstopdf)                    date: 2015-06-08 13:23:48
(epstopdf)                    size: 53082 bytes
(epstopdf)             Output file: <prodanov/prodanov_validity_karate-eps-conv
erted-to.pdf>
(epstopdf)                    date: 2015-06-08 13:42:50
(epstopdf)                    size: 6260 bytes
(epstopdf)             Command: <epstopdf --outfile=prodanov/prodanov_validity_
karate-eps-converted-to.pdf prodanov/prodanov_validity_karate.eps>
(epstopdf)             \includegraphics on input line 16.
Package epstopdf Info: Output file is already uptodate.

<prodanov/prodanov_validity_karate-eps-converted-to.pdf, id=101, 167.9876pt x 1
31.0998pt>
File: prodanov/prodanov_validity_karate-eps-converted-to.pdf Graphic file (type
 pdf)
 <use prodanov/prodanov_validity_karate-eps-converted-to.pdf>
Package pdftex.def Info: prodanov/prodanov_validity_karate-eps-converted-to.pdf
 used on input line 16.
(pdftex.def)             Requested size: 138.27948pt x 107.9166pt.

Underfull \hbox (badness 1688) in paragraph at lines 17--17
[]\T2A/cmr/m/n/9 (a) |За-ви-си-мость мо-ду-ляр-но-сти
 []

Package epstopdf Info: Source file: <prodanov/prodanov_validity_netscience.eps>

(epstopdf)                    date: 2015-06-08 13:36:00
(epstopdf)                    size: 53099 bytes
(epstopdf)             Output file: <prodanov/prodanov_validity_netscience-eps-
converted-to.pdf>
(epstopdf)                    date: 2015-06-08 13:42:51
(epstopdf)                    size: 6373 bytes
(epstopdf)             Command: <epstopdf --outfile=prodanov/prodanov_validity_
netscience-eps-converted-to.pdf prodanov/prodanov_validity_netscience.eps>
(epstopdf)             \includegraphics on input line 26.
Package epstopdf Info: Output file is already uptodate.

<prodanov/prodanov_validity_netscience-eps-converted-to.pdf, id=102, 162.98894p
t x 132.94669pt>
File: prodanov/prodanov_validity_netscience-eps-converted-to.pdf Graphic file (
type pdf)

<use prodanov/prodanov_validity_netscience-eps-converted-to.pdf>
Package pdftex.def Info: prodanov/prodanov_validity_netscience-eps-converted-to
.pdf used on input line 26.
(pdftex.def)             Requested size: 138.27948pt x 112.79422pt.

Underfull \hbox (badness 1377) in paragraph at lines 27--27
[]\T2A/cmr/m/n/9 (b) |За-ви-си-мость мо-ду-ляр-но-сти
 []

))

Package hyperref Warning: Token not allowed in a PDF string (Unicode):
(hyperref)                removing `\hfill' on input line 97.


Package hyperref Warning: Token not allowed in a PDF string (PDFDocEncoding):
(hyperref)                removing `\hfill' on input line 97.

[9 <D:/8. Study/Publications/Prodanov/prodanov/prodanov_validity_karate-eps-con
verted-to.pdf> <D:/8. Study/Publications/Prodanov/prodanov/prodanov_validity_ne
tscience-eps-converted-to.pdf>]
Package atveryend Info: Empty hook `BeforeClearDocument' on input line 100.
Package atveryend Info: Empty hook `AfterLastShipout' on input line 100.
 ("D:\8. Study\Publications\Prodanov\prodanov.aux" ("D:\8. Study\Publications\P
rodanov\prodanov/prodanov.aux"))
Package atveryend Info: Executing hook `AtVeryEndDocument' on input line 100.
Package atveryend Info: Executing hook `AtEndAfterFileList' on input line 100.
Package rerunfilecheck Info: File `prodanov.out' has not changed.
(rerunfilecheck)             Checksum: 5074A90F9E0C260D5C5E28CC9B7A1EF1;1175.


LaTeX Warning: There were undefined references.

Package atveryend Info: Empty hook `AtVeryVeryEnd' on input line 100.
 ) 
Here is how much of TeX's memory you used:
 27891 strings out of 493921
 584229 string characters out of 3144878
 689047 words of memory out of 3000000
 30605 multiletter control sequences out of 15000+200000
 21544 words of font info for 62 fonts, out of 3000000 for 9000
 841 hyphenation exceptions out of 8191
 63i,8n,81p,1067b,609s stack positions out of 5000i,500n,10000p,200000b,50000s
{C:/Program Files (x86)/MiKTeX 2.9/fonts/enc/dvips/cm-super/cm-super-t2a.enc}
<C:/Program Files (x86)/MiKTeX 2.9/fonts/type1/public/amsfonts/cm/cmbx10.pfb><C
:/Program Files (x86)/MiKTeX 2.9/fonts/type1/public/amsfonts/cm/cmex10.pfb><C:/
Program Files (x86)/MiKTeX 2.9/fonts/type1/public/amsfonts/cmextra/cmex7.pfb><C
:/Program Files (x86)/MiKTeX 2.9/fonts/type1/public/amsfonts/cm/cmmi10.pfb><C:/
Program Files (x86)/MiKTeX 2.9/fonts/type1/public/amsfonts/cm/cmmi5.pfb><C:/Pro
gram Files (x86)/MiKTeX 2.9/fonts/type1/public/amsfonts/cm/cmmi7.pfb><C:/Progra
m Files (x86)/MiKTeX 2.9/fonts/type1/public/amsfonts/cm/cmmi9.pfb><C:/Program F
iles (x86)/MiKTeX 2.9/fonts/type1/public/amsfonts/cm/cmr10.pfb><C:/Program File
s (x86)/MiKTeX 2.9/fonts/type1/public/amsfonts/cm/cmr5.pfb><C:/Program Files (x
86)/MiKTeX 2.9/fonts/type1/public/amsfonts/cm/cmr7.pfb><C:/Program Files (x86)/
MiKTeX 2.9/fonts/type1/public/amsfonts/cm/cmsy10.pfb><C:/Program Files (x86)/Mi
KTeX 2.9/fonts/type1/public/amsfonts/cm/cmsy7.pfb><C:/Program Files (x86)/MiKTe
X 2.9/fonts/type1/public/amsfonts/symbols/msbm10.pfb><C:/Program Files (x86)/Mi
KTeX 2.9/fonts/type1/hoekwater/rsfs/rsfs10.pfb><C:/Program Files (x86)/MiKTeX 2
.9/fonts/type1/public/cm-super/sfbx1000.pfb><C:/Program Files (x86)/MiKTeX 2.9/
fonts/type1/public/cm-super/sfbx1200.pfb><C:/Program Files (x86)/MiKTeX 2.9/fon
ts/type1/public/cm-super/sfbx1440.pfb><C:/Program Files (x86)/MiKTeX 2.9/fonts/
type1/public/cm-super/sfrm0700.pfb><C:/Program Files (x86)/MiKTeX 2.9/fonts/typ
e1/public/cm-super/sfrm0800.pfb><C:/Program Files (x86)/MiKTeX 2.9/fonts/type1/
public/cm-super/sfrm0900.pfb><C:/Program Files (x86)/MiKTeX 2.9/fonts/type1/pub
lic/cm-super/sfrm1000.pfb><C:/Program Files (x86)/MiKTeX 2.9/fonts/type1/public
/cm-super/sfti0700.pfb><C:/Program Files (x86)/MiKTeX 2.9/fonts/type1/public/cm
-super/sfti0900.pfb><C:/Program Files (x86)/MiKTeX 2.9/fonts/type1/public/cm-su
per/sfti1000.pfb><C:/Program Files (x86)/MiKTeX 2.9/fonts/type1/public/cm-super
/sftt1000.pfb>
Output written on prodanov.pdf (9 pages, 384921 bytes).
PDF statistics:
 213 PDF objects out of 1000 (max. 8388607)
 36 named destinations out of 1000 (max. 500000)
 43 words of extra memory for PDF output out of 10000 (max. 10000000)

